{"name": "test_login_locked", "status": "broken", "statusDetails": {"message": "selenium.common.exceptions.ElementClickInterceptedException: Message: element click intercepted: Element <input type=\"submit\" value=\"login\" title=\"Login\"> is not clickable at point (92, 858). Other element would receive the click: <div style=\"width: 100%; color: White; font-family: &quot;Helvetica Neue&quot;, &quot;Lucida Grande&quot;, &quot;Segoe UI&quot;, Arial, Helvetica, Verdana, sans-serif; font-size: 11pt;\">...</div>\n  (Session info: chrome=143.0.7499.170); For documentation on this error, please visit: https://www.selenium.dev/documentation/webdriver/troubleshooting/errors#elementclickinterceptedexception\nStacktrace:\n0   chromedriver                        0x0000000102f30b2c cxxbridge1$str$ptr + 3033596\n1   chromedriver                        0x0000000102f28b30 cxxbridge1$str$ptr + 3000832\n2   chromedriver                        0x0000000102a22b0c _RNvCsgXDX2mvAJAg_7___rustc35___rust_no_alloc_shim_is_unstable_v2 + 74196\n3   chromedriver                        0x0000000102a6f43c _RNvCsgXDX2mvAJAg_7___rustc35___rust_no_alloc_shim_is_unstable_v2 + 387844\n4   chromedriver                        0x0000000102a6da1c _RNvCsgXDX2mvAJAg_7___rustc35___rust_no_alloc_shim_is_unstable_v2 + 381156\n5   chromedriver                        0x0000000102a6b88c _RNvCsgXDX2mvAJAg_7___rustc35___rust_no_alloc_shim_is_unstable_v2 + 372564\n6   chromedriver                        0x0000000102a6ac9c _RNvCsgXDX2mvAJAg_7___rustc35___rust_no_alloc_shim_is_unstable_v2 + 369508\n7   chromedriver                        0x0000000102a5fca4 _RNvCsgXDX2mvAJAg_7___rustc35___rust_no_alloc_shim_is_unstable_v2 + 324460\n8   chromedriver                        0x0000000102a5f748 _RNvCsgXDX2mvAJAg_7___rustc35___rust_no_alloc_shim_is_unstable_v2 + 323088\n9   chromedriver                        0x0000000102aaa968 _RNvCsgXDX2mvAJAg_7___rustc35___rust_no_alloc_shim_is_unstable_v2 + 630832\n10  chromedriver                        0x0000000102a5e16c _RNvCsgXDX2mvAJAg_7___rustc35___rust_no_alloc_shim_is_unstable_v2 + 317492\n11  chromedriver                        0x0000000102ef4098 cxxbridge1$str$ptr + 2785128\n12  chromedriver                        0x0000000102ef7804 cxxbridge1$str$ptr + 2799316\n13  chromedriver                        0x0000000102ed4850 cxxbridge1$str$ptr + 2656032\n14  chromedriver                        0x0000000102ef8074 cxxbridge1$str$ptr + 2801476\n15  chromedriver                        0x0000000102ec51cc cxxbridge1$str$ptr + 2592924\n16  chromedriver                        0x0000000102f17cb4 cxxbridge1$str$ptr + 2931588\n17  chromedriver                        0x0000000102f17e34 cxxbridge1$str$ptr + 2931972\n18  chromedriver                        0x0000000102f28788 cxxbridge1$str$ptr + 2999896\n19  libsystem_pthread.dylib             0x0000000196471c08 _pthread_start + 136\n20  libsystem_pthread.dylib             0x000000019646cba8 thread_start + 8", "trace": "self = <tests.test_02_auth.TestAuth object at 0x104d9bda0>, driver = <selenium.webdriver.chrome.webdriver.WebDriver (session=\"fbd8afbcf4a30f278537aa2d116118d6\")>\nbase_url = 'http://railwayb1.somee.com'\n\n    @allure.story(\"TC_LOG_10: Login Locked (5 lần)\")\n    def test_login_locked(self, driver, base_url):\n        driver.get(f\"{base_url}/Account/Login.cshtml\")\n        for _ in range(6):\n            driver.find_element(By.ID, \"username\").clear()\n            driver.find_element(By.ID, \"username\").send_keys(\"lock_test@gmail.com\")\n            driver.find_element(By.ID, \"password\").clear()\n            driver.find_element(By.ID, \"password\").send_keys(\"wrong\")\n>           driver.find_element(By.CSS_SELECTOR, \"input[type='submit']\").click()\n\ntests/test_02_auth.py:44: \n_ _ _ _ _ _ _ _ _ _ _ _ _ _ _ _ _ _ _ _ _ _ _ _ _ _ _ _ _ _ _ _ _ _ _ _ _ _ _ _ _ _ _ _ _ _ _ _ _ _ _ _ _ _ _ _ _ _ _ _ _ _ _ _ _ _ _ _ _ _ _ _ _ _ _ _ _ _ _ _ _ _ _ _ _ _ _ _ _ _ _ _ _\nvenv/lib/python3.12/site-packages/selenium/webdriver/remote/webelement.py:114: in click\n    self._execute(Command.CLICK_ELEMENT)\nvenv/lib/python3.12/site-packages/selenium/webdriver/remote/webelement.py:508: in _execute\n    return self._parent.execute(command, params)\n           ^^^^^^^^^^^^^^^^^^^^^^^^^^^^^^^^^^^^^\nvenv/lib/python3.12/site-packages/selenium/webdriver/remote/webdriver.py:432: in execute\n    self.error_handler.check_response(response)\n_ _ _ _ _ _ _ _ _ _ _ _ _ _ _ _ _ _ _ _ _ _ _ _ _ _ _ _ _ _ _ _ _ _ _ _ _ _ _ _ _ _ _ _ _ _ _ _ _ _ _ _ _ _ _ _ _ _ _ _ _ _ _ _ _ _ _ _ _ _ _ _ _ _ _ _ _ _ _ _ _ _ _ _ _ _ _ _ _ _ _ _ _\n\nself = <selenium.webdriver.remote.errorhandler.ErrorHandler object at 0x104e1e7e0>\nresponse = {'status': 400, 'value': '{\"value\":{\"error\":\"element click intercepted\",\"message\":\"element click intercepted: Element ...000196471c08 _pthread_start + 136\\\\n20  libsystem_pthread.dylib             0x000000019646cba8 thread_start + 8\\\\n\"}}'}\n\n    def check_response(self, response: dict[str, Any]) -> None:\n        \"\"\"Check that a JSON response from the WebDriver does not have an error.\n    \n        Args:\n            response: The JSON response from the WebDriver server as a dictionary\n                object.\n    \n        Raises:\n            WebDriverException: If the response contains an error message.\n        \"\"\"\n        status = response.get(\"status\", None)\n        if not status or status == ErrorCode.SUCCESS:\n            return\n        value = None\n        message = response.get(\"message\", \"\")\n        screen: str = response.get(\"screen\", \"\")\n        stacktrace = None\n        if isinstance(status, int):\n            value_json = response.get(\"value\", None)\n            if value_json and isinstance(value_json, str):\n                try:\n                    value = json.loads(value_json)\n                    if isinstance(value, dict):\n                        if len(value) == 1:\n                            value = value[\"value\"]\n                        status = value.get(\"error\", None)\n                        if not status:\n                            status = value.get(\"status\", ErrorCode.UNKNOWN_ERROR)\n                            message = value.get(\"value\") or value.get(\"message\")\n                            if not isinstance(message, str):\n                                value = message\n                                message = message.get(\"message\") if isinstance(message, dict) else None\n                        else:\n                            message = value.get(\"message\", None)\n                except ValueError:\n                    pass\n    \n        exception_class: type[WebDriverException]\n        e = ErrorCode()\n        error_codes = [item for item in dir(e) if not item.startswith(\"__\")]\n        for error_code in error_codes:\n            error_info = getattr(ErrorCode, error_code)\n            if isinstance(error_info, list) and status in error_info:\n                exception_class = getattr(ExceptionMapping, error_code, WebDriverException)\n                break\n        else:\n            exception_class = WebDriverException\n    \n        if not value:\n            value = response[\"value\"]\n        if isinstance(value, str):\n            raise exception_class(value)\n        if message == \"\" and \"message\" in value:\n            message = value[\"message\"]\n    \n        screen = None  # type: ignore[assignment]\n        if \"screen\" in value:\n            screen = value[\"screen\"]\n    \n        stacktrace = None\n        st_value = value.get(\"stackTrace\") or value.get(\"stacktrace\")\n        if st_value:\n            if isinstance(st_value, str):\n                stacktrace = st_value.split(\"\\n\")\n            else:\n                stacktrace = []\n                try:\n                    for frame in st_value:\n                        line = frame.get(\"lineNumber\", \"\")\n                        file = frame.get(\"fileName\", \"<anonymous>\")\n                        if line:\n                            file = f\"{file}:{line}\"\n                        meth = frame.get(\"methodName\", \"<anonymous>\")\n                        if \"className\" in frame:\n                            meth = f\"{frame['className']}.{meth}\"\n                        msg = \"    at %s (%s)\"\n                        msg = msg % (meth, file)\n                        stacktrace.append(msg)\n                except TypeError:\n                    pass\n        if exception_class == UnexpectedAlertPresentException:\n            alert_text = None\n            if \"data\" in value:\n                alert_text = value[\"data\"].get(\"text\")\n            elif \"alert\" in value:\n                alert_text = value[\"alert\"].get(\"text\")\n            raise exception_class(message, screen, stacktrace, alert_text)  # type: ignore[call-arg]  # mypy is not smart enough here\n>       raise exception_class(message, screen, stacktrace)\nE       selenium.common.exceptions.ElementClickInterceptedException: Message: element click intercepted: Element <input type=\"submit\" value=\"login\" title=\"Login\"> is not clickable at point (92, 858). Other element would receive the click: <div style=\"width: 100%; color: White; font-family: &quot;Helvetica Neue&quot;, &quot;Lucida Grande&quot;, &quot;Segoe UI&quot;, Arial, Helvetica, Verdana, sans-serif; font-size: 11pt;\">...</div>\nE         (Session info: chrome=143.0.7499.170); For documentation on this error, please visit: https://www.selenium.dev/documentation/webdriver/troubleshooting/errors#elementclickinterceptedexception\nE       Stacktrace:\nE       0   chromedriver                        0x0000000102f30b2c cxxbridge1$str$ptr + 3033596\nE       1   chromedriver                        0x0000000102f28b30 cxxbridge1$str$ptr + 3000832\nE       2   chromedriver                        0x0000000102a22b0c _RNvCsgXDX2mvAJAg_7___rustc35___rust_no_alloc_shim_is_unstable_v2 + 74196\nE       3   chromedriver                        0x0000000102a6f43c _RNvCsgXDX2mvAJAg_7___rustc35___rust_no_alloc_shim_is_unstable_v2 + 387844\nE       4   chromedriver                        0x0000000102a6da1c _RNvCsgXDX2mvAJAg_7___rustc35___rust_no_alloc_shim_is_unstable_v2 + 381156\nE       5   chromedriver                        0x0000000102a6b88c _RNvCsgXDX2mvAJAg_7___rustc35___rust_no_alloc_shim_is_unstable_v2 + 372564\nE       6   chromedriver                        0x0000000102a6ac9c _RNvCsgXDX2mvAJAg_7___rustc35___rust_no_alloc_shim_is_unstable_v2 + 369508\nE       7   chromedriver                        0x0000000102a5fca4 _RNvCsgXDX2mvAJAg_7___rustc35___rust_no_alloc_shim_is_unstable_v2 + 324460\nE       8   chromedriver                        0x0000000102a5f748 _RNvCsgXDX2mvAJAg_7___rustc35___rust_no_alloc_shim_is_unstable_v2 + 323088\nE       9   chromedriver                        0x0000000102aaa968 _RNvCsgXDX2mvAJAg_7___rustc35___rust_no_alloc_shim_is_unstable_v2 + 630832\nE       10  chromedriver                        0x0000000102a5e16c _RNvCsgXDX2mvAJAg_7___rustc35___rust_no_alloc_shim_is_unstable_v2 + 317492\nE       11  chromedriver                        0x0000000102ef4098 cxxbridge1$str$ptr + 2785128\nE       12  chromedriver                        0x0000000102ef7804 cxxbridge1$str$ptr + 2799316\nE       13  chromedriver                        0x0000000102ed4850 cxxbridge1$str$ptr + 2656032\nE       14  chromedriver                        0x0000000102ef8074 cxxbridge1$str$ptr + 2801476\nE       15  chromedriver                        0x0000000102ec51cc cxxbridge1$str$ptr + 2592924\nE       16  chromedriver                        0x0000000102f17cb4 cxxbridge1$str$ptr + 2931588\nE       17  chromedriver                        0x0000000102f17e34 cxxbridge1$str$ptr + 2931972\nE       18  chromedriver                        0x0000000102f28788 cxxbridge1$str$ptr + 2999896\nE       19  libsystem_pthread.dylib             0x0000000196471c08 _pthread_start + 136\nE       20  libsystem_pthread.dylib             0x000000019646cba8 thread_start + 8\n\nvenv/lib/python3.12/site-packages/selenium/webdriver/remote/errorhandler.py:232: ElementClickInterceptedException"}, "attachments": [{"name": "Screenshot", "source": "9c77d328-9ce5-463c-a075-91e7dd3eb3d2-attachment.png", "type": "image/png"}], "start": 1766762910450, "stop": 1766762915373, "uuid": "2f0a3b4d-a622-48e3-98b5-5590016c4400", "historyId": "1f13ec6eacbe04f2c2eb4ae62f5c7bd1", "testCaseId": "1f13ec6eacbe04f2c2eb4ae62f5c7bd1", "fullName": "tests.test_02_auth.TestAuth#test_login_locked", "labels": [{"name": "feature", "value": "Module: Login & Logout"}, {"name": "story", "value": "TC_LOG_10: Login Locked (5 lần)"}, {"name": "parentSuite", "value": "tests"}, {"name": "suite", "value": "test_02_auth"}, {"name": "subSuite", "value": "TestAuth"}, {"name": "host", "value": "MacBook-Pro-cua-Mai.local"}, {"name": "thread", "value": "67353-MainThread"}, {"name": "framework", "value": "pytest"}, {"name": "language", "value": "cpython3"}, {"name": "package", "value": "tests.test_02_auth"}], "titlePath": ["tests", "test_02_auth.py", "TestAuth"]}