{"name": "test_login_failure[<script>alert(1)</script>-12345678-Invalid]", "status": "failed", "statusDetails": {"message": "AssertionError: assert ('Invalid' in '<html><head>\\n        <title>A potentially dangerous Request.Form value was detected from the client (username=\"...pt...argin-left:6px; font-size: 10pt;\">Web hosting by Somee.com</a>            </div>        </div>    </div></body></html>' or 'Invalid' in '<html><head>\\n        <title>A potentially dangerous Request.Form value was detected from the client (username=\"...pt...argin-left:6px; font-size: 10pt;\">Web hosting by Somee.com</a>            </div>        </div>    </div></body></html>')", "trace": "self = <tests.test_02_auth.TestAuth object at 0x104d9bb30>, driver = <selenium.webdriver.chrome.webdriver.WebDriver (session=\"8fae64615a6f0784c8fc124f93d90678\")>\nbase_url = 'http://railwayb1.somee.com', email = '<script>alert(1)</script>', password = '12345678', expected_error = 'Invalid'\n\n    @allure.story(\"TC_LOG_03 -> 08: Các trường hợp Login thất bại\")\n    @pytest.mark.parametrize(\"email, password, expected_error\", [\n        (\"non_exist@gmail.com\", \"12345678\", \"Invalid username or password\"),\n        (\"cijnuj@ramcloud.us\", \"wrongpass\", \"Invalid username or password\"),\n        (\"\", \"12345678\", \"The Email field is required\"),\n        (\"cijnuj@ramcloud.us\", \"\", \"The Password field is required\"),\n        (\"<script>alert(1)</script>\", \"12345678\", \"Invalid\"),\n    ])\n    def test_login_failure(self, driver, base_url, email, password, expected_error):\n        driver.get(f\"{base_url}/Account/Login.cshtml\")\n        if email: driver.find_element(By.ID, \"username\").send_keys(email)\n        if password: driver.find_element(By.ID, \"password\").send_keys(password)\n    \n        driver.find_element(By.CSS_SELECTOR, \"input[type='submit']\").click()\n    \n        page_source = driver.page_source\n>       assert expected_error in page_source or \"Invalid\" in page_source\nE       assert ('Invalid' in '<html><head>\\n        <title>A potentially dangerous Request.Form value was detected from the client (username=\"...pt...argin-left:6px; font-size: 10pt;\">Web hosting by Somee.com</a>            </div>        </div>    </div></body></html>' or 'Invalid' in '<html><head>\\n        <title>A potentially dangerous Request.Form value was detected from the client (username=\"...pt...argin-left:6px; font-size: 10pt;\">Web hosting by Somee.com</a>            </div>        </div>    </div></body></html>')\n\ntests/test_02_auth.py:34: AssertionError"}, "attachments": [{"name": "Screenshot", "source": "82e76613-1cfe-47f0-88ee-6c707b05667b-attachment.png", "type": "image/png"}], "parameters": [{"name": "email", "value": "'<script>alert(1)</script>'"}, {"name": "password", "value": "'12345678'"}, {"name": "expected_error", "value": "'Invalid'"}], "start": 1766762904667, "stop": 1766762908424, "uuid": "7c31b0c9-9d55-4e61-aecd-dfa1952a0f0f", "historyId": "32ba9beaec606f7d69cc2ff5556d0935", "testCaseId": "4b69ced4dcb2f9c1f6e53c4b8755f266", "fullName": "tests.test_02_auth.TestAuth#test_login_failure", "labels": [{"name": "feature", "value": "Module: Login & Logout"}, {"name": "story", "value": "TC_LOG_03 -> 08: Các trường hợp Login thất bại"}, {"name": "parentSuite", "value": "tests"}, {"name": "suite", "value": "test_02_auth"}, {"name": "subSuite", "value": "TestAuth"}, {"name": "host", "value": "MacBook-Pro-cua-Mai.local"}, {"name": "thread", "value": "67353-MainThread"}, {"name": "framework", "value": "pytest"}, {"name": "language", "value": "cpython3"}, {"name": "package", "value": "tests.test_02_auth"}], "titlePath": ["tests", "test_02_auth.py", "TestAuth"]}