{"name": "test_login_failure[cijnuj@ramcloud.us--The Password field is required]", "status": "failed", "statusDetails": {"message": "AssertionError: assert ('The Password field is required' in '<html lang=\"en\"><head>\\n       <meta charset=\"utf-8\">\\n        <noscript>\\n            <meta http-equiv=\"refresh\" run...argin-left:6px; font-size: 10pt;\">Web hosting by Somee.com</a>            </div>        </div>    </div></body></html>' or 'Invalid' in '<html lang=\"en\"><head>\\n       <meta charset=\"utf-8\">\\n        <noscript>\\n            <meta http-equiv=\"refresh\" run...argin-left:6px; font-size: 10pt;\">Web hosting by Somee.com</a>            </div>        </div>    </div></body></html>')", "trace": "self = <tests.test_02_auth.TestAuth object at 0x104d9baa0>, driver = <selenium.webdriver.chrome.webdriver.WebDriver (session=\"67dad54570cf6d177de09967ef3bfdb5\")>\nbase_url = 'http://railwayb1.somee.com', email = 'cijnuj@ramcloud.us', password = '', expected_error = 'The Password field is required'\n\n    @allure.story(\"TC_LOG_03 -> 08: Các trường hợp Login thất bại\")\n    @pytest.mark.parametrize(\"email, password, expected_error\", [\n        (\"non_exist@gmail.com\", \"12345678\", \"Invalid username or password\"),\n        (\"cijnuj@ramcloud.us\", \"wrongpass\", \"Invalid username or password\"),\n        (\"\", \"12345678\", \"The Email field is required\"),\n        (\"cijnuj@ramcloud.us\", \"\", \"The Password field is required\"),\n        (\"<script>alert(1)</script>\", \"12345678\", \"Invalid\"),\n    ])\n    def test_login_failure(self, driver, base_url, email, password, expected_error):\n        driver.get(f\"{base_url}/Account/Login.cshtml\")\n        if email: driver.find_element(By.ID, \"username\").send_keys(email)\n        if password: driver.find_element(By.ID, \"password\").send_keys(password)\n    \n        driver.find_element(By.CSS_SELECTOR, \"input[type='submit']\").click()\n    \n        page_source = driver.page_source\n>       assert expected_error in page_source or \"Invalid\" in page_source\nE       assert ('The Password field is required' in '<html lang=\"en\"><head>\\n       <meta charset=\"utf-8\">\\n        <noscript>\\n            <meta http-equiv=\"refresh\" run...argin-left:6px; font-size: 10pt;\">Web hosting by Somee.com</a>            </div>        </div>    </div></body></html>' or 'Invalid' in '<html lang=\"en\"><head>\\n       <meta charset=\"utf-8\">\\n        <noscript>\\n            <meta http-equiv=\"refresh\" run...argin-left:6px; font-size: 10pt;\">Web hosting by Somee.com</a>            </div>        </div>    </div></body></html>')\n\ntests/test_02_auth.py:34: AssertionError"}, "attachments": [{"name": "Screenshot", "source": "1501238f-8bd4-4be3-bf1c-f7327ae1a5d0-attachment.png", "type": "image/png"}], "parameters": [{"name": "email", "value": "'cijnuj@ramcloud.us'"}, {"name": "password", "value": "''"}, {"name": "expected_error", "value": "'The Password field is required'"}], "start": 1766762898396, "stop": 1766762902054, "uuid": "6bed8143-b697-4fef-addd-0ec526fb1649", "historyId": "5cc694b38fa63f1493fe40ffb2fe223c", "testCaseId": "4b69ced4dcb2f9c1f6e53c4b8755f266", "fullName": "tests.test_02_auth.TestAuth#test_login_failure", "labels": [{"name": "feature", "value": "Module: Login & Logout"}, {"name": "story", "value": "TC_LOG_03 -> 08: Các trường hợp Login thất bại"}, {"name": "parentSuite", "value": "tests"}, {"name": "suite", "value": "test_02_auth"}, {"name": "subSuite", "value": "TestAuth"}, {"name": "host", "value": "MacBook-Pro-cua-Mai.local"}, {"name": "thread", "value": "67353-MainThread"}, {"name": "framework", "value": "pytest"}, {"name": "language", "value": "cpython3"}, {"name": "package", "value": "tests.test_02_auth"}], "titlePath": ["tests", "test_02_auth.py", "TestAuth"]}