{"name": "test_external_link", "status": "failed", "statusDetails": {"message": "AssertionError: assert 'Contact' in 'Safe Railway - Selenium Automation'\n +  where 'Safe Railway - Selenium Automation' = <selenium.webdriver.chrome.webdriver.WebDriver (session=\"d06fc3e273776852a5a3a11c0dd2b9e3\")>.title", "trace": "self = <tests.test_05_manage.TestGeneral object at 0x104dde720>, driver = <selenium.webdriver.chrome.webdriver.WebDriver (session=\"d06fc3e273776852a5a3a11c0dd2b9e3\")>\nbase_url = 'http://railwayb1.somee.com'\n\n    @allure.story(\"TC_HOME_03: External Links\")\n    def test_external_link(self, driver, base_url):\n        driver.get(f\"{base_url}/Page/HomePage.cshtml\")\n    \n        driver.find_element(By.LINK_TEXT, \"Contact\").click()\n>       assert \"Contact\" in driver.title\nE       assert 'Contact' in 'Safe Railway - Selenium Automation'\nE        +  where 'Safe Railway - Selenium Automation' = <selenium.webdriver.chrome.webdriver.WebDriver (session=\"d06fc3e273776852a5a3a11c0dd2b9e3\")>.title\n\ntests/test_05_manage.py:13: AssertionError"}, "attachments": [{"name": "Screenshot", "source": "59cd8321-ae8b-430d-a894-9725ac07068e-attachment.png", "type": "image/png"}], "start": 1766762983949, "stop": 1766762988141, "uuid": "5d807ff3-d7e9-4b11-a1a9-1f6e2a292ef9", "historyId": "ad164a4374b298943caa88fdddd36e7a", "testCaseId": "ad164a4374b298943caa88fdddd36e7a", "fullName": "tests.test_05_manage.TestGeneral#test_external_link", "labels": [{"name": "feature", "value": "Module: General (Home, FAQ, Timetable)"}, {"name": "story", "value": "TC_HOME_03: External Links"}, {"name": "parentSuite", "value": "tests"}, {"name": "suite", "value": "test_05_manage"}, {"name": "subSuite", "value": "TestGeneral"}, {"name": "host", "value": "MacBook-Pro-cua-Mai.local"}, {"name": "thread", "value": "67353-MainThread"}, {"name": "framework", "value": "pytest"}, {"name": "language", "value": "cpython3"}, {"name": "package", "value": "tests.test_05_manage"}], "titlePath": ["tests", "test_05_manage.py", "TestGeneral"]}